<?xml version="1.0" encoding="UTF-8"?>
<!-- Generated by org.testng.reporters.JUnitReportReporter -->
<testsuite skipped="2" hostname="LAPTOP-EFA9OV8D" name="com.juicePlusTest.TS.InvalidIncompleteForm_Test" tests="2" failures="0" timestamp="04 May 2020 01:50:05 GMT" time="0.000" errors="0">
  <testcase name="submitInvalidForm" time="0.000" classname="com.juicePlusTest.TS.InvalidIncompleteForm_Test">
    <skipped/>
  </testcase> <!-- submitInvalidForm -->
  <testcase name="verifyInvalidFormError" time="0.000" classname="com.juicePlusTest.TS.InvalidIncompleteForm_Test">
    <skipped/>
  </testcase> <!-- verifyInvalidFormError -->
</testsuite> <!-- com.juicePlusTest.TS.InvalidIncompleteForm_Test -->
