<?xml version="1.0" encoding="UTF-8"?>
<!-- Generated by org.testng.reporters.JUnitReportReporter -->
<testsuite skipped="0" hostname="LAPTOP-EFA9OV8D" name="com.juicePlusTest.TS.ValidCompleteForm_Test" tests="2" failures="0" timestamp="03 May 2020 17:51:55 GMT" time="5.343" errors="0">
  <testcase name="submitValidForm" time="1.169" classname="com.juicePlusTest.TS.ValidCompleteForm_Test"/>
  <testcase name="verifyValidSuccessMsg" time="4.174" classname="com.juicePlusTest.TS.ValidCompleteForm_Test"/>
</testsuite> <!-- com.juicePlusTest.TS.ValidCompleteForm_Test -->
