<?xml version="1.0" encoding="UTF-8"?>
<!-- Generated by org.testng.reporters.JUnitReportReporter -->
<testsuite skipped="0" hostname="LAPTOP-EFA9OV8D" name="com.juicePlusTest.TS.ValidCompleteForm_Test" tests="2" failures="0" timestamp="04 May 2020 01:51:11 GMT" time="5.702" errors="0">
  <testcase name="submitValidForm" time="1.474" classname="com.juicePlusTest.TS.ValidCompleteForm_Test"/>
  <testcase name="verifyValidSuccessMsg" time="4.228" classname="com.juicePlusTest.TS.ValidCompleteForm_Test"/>
</testsuite> <!-- com.juicePlusTest.TS.ValidCompleteForm_Test -->
