<?xml version="1.0" encoding="UTF-8"?>
<!-- Generated by org.testng.reporters.JUnitReportReporter -->
<testsuite skipped="0" hostname="LAPTOP-EFA9OV8D" name="com.juicePlusTest.TS.ContactUs_TC" tests="1" failures="0" timestamp="30 Apr 2020 06:29:50 GMT" time="3.671" errors="0">
  <testcase name="tapAboutUS" time="3.671" classname="com.juicePlusTest.TS.ContactUs_TC"/>
</testsuite> <!-- com.juicePlusTest.TS.ContactUs_TC -->
