<?xml version="1.0" encoding="UTF-8"?>
<!-- Generated by org.testng.reporters.JUnitReportReporter -->
<testsuite skipped="0" hostname="LAPTOP-EFA9OV8D" name="com.juicePlusTest.TS.ContactUs_Test" tests="1" failures="0" timestamp="04 May 2020 01:51:11 GMT" time="2.756" errors="0">
  <testcase name="tapAboutUS" time="2.756" classname="com.juicePlusTest.TS.ContactUs_Test"/>
</testsuite> <!-- com.juicePlusTest.TS.ContactUs_Test -->
